b
th
a
th
tha
ith
ith
w
th
th
th
blli
blli
wi
thi
at
whi
thi
thi
thi
athi
wis
ackin
wikin
athe
brit
brith
with
win
thin
winan
winke
wino
winou
wind
wind
winde
wive
wive
wiv
wive
thive
acand
wid
ath
thid
wis
ath
this
whand
wind
wit
thitithe
with
wing
aind
thind
wind
wis
ath
wisth
wime
whe
thin
thin
ace
thin
whe
thin
wing
whing
thing
winoul
withe
wild
acok
wire
thiri
ace
whin
win
wino
winke
thinon
wherd
winong
acur
aceve
aind
winqu
acuso
acushi
wing
aing
thing
aingo
wind
aind
willl
wili
wille
willl
acusth
ainde
wis
wil
athe
wind
briqu
withe
brou
brouse
brisa
brino
win
thin
ath
win
wing
wind
athe
sthe
winde
wins
wind
be
an
he
bro
ther
ther
brki
therd
becki
here
ber
wnd
and
brive
bre
ang
thes
fof
thes
thes
wiman
wimand
brer
wime
theshe
bre
and
bre
brere
bred
wind
thende
bres
thend
thend
brese
bred
breyof
theyofo
brend
bred
thend
bou
fou
boure
bous
thous
pous
thous
ared
poul
bous
thous
boung
bes
win
besed
bend
thend
arin
ant
bed
and
bore
blore
blond
thornd
bofong
bors
blend
bomed
boman
whe
fou
fond
four
foure
fond
ba
bathe
band
borit
bande
banth
whe
bame
whed
thamy
whev
whe
whend
band
bali
bache
thache
balin
thalin
bou
ave
save
fou
thou
wang
boure
thous
thous
fous
bouse
fouse
found
foushe
wand
basal
ban
ave
hath
band
bands
thans
bathe
baves
baveng
bava
bath
bato
thatous
hatho
bathe
bathathe
bathe
bathe
hathe
bathe
hathe
fou
bande
ban
band
bathe
hand
bave
wh
whin
thath
thand
thande
thang
whe
belas
ads
bo
bor
thor
thor
bond
bong
bond
whe
wheal
whi
thor
whe
thon
arser
bow
thow
bowh
thowh
ba
wa
ban
whan
wan
than
waban
bance
bande
hand
bans
band
bll
bave
have
bad
ald
thad
wad
bas
thas
thas
wan
bof
basth
hasth
bame
hame
than
wan
bande
thayo
wayo
walld
band
hand
thand
blof
alof
bou
than
than
bang
boull
allll
wand
wands
ban
band
thand
thand
band
thand
thangis
blend
band
ban
han
than
than
wan
than
than
band
bang
band
hand
thand
as
wa
barit
ban
ast
than
than
bang
band
bath
thath
whind
band
ang
angh
than
than
bangh
band
ban
and
wan
thand
be
the
an
san
the
wi
the
the
ath
thth
athi
ththi
athid
athin
athin
athed
atha
ththa
ththas
bean
thean
bean
beand
theand
athes
wit
wit
ancki
athe
athind
witshe
with
ato
atove
therve
aind
aind
wind
ato
wive
ath
beath
atore
athe
athe
and
ande
ande
andes
cands
ands
wands
atof
athin
athe
wathe
beat
bere
beang
wis
ath
wisit
atha
athin
wit
ant
wit
thit
antou
antous
thitous
wing
anth
with
withe
wis
cang
this
ang
sang
this
wis
wang
ango
wimes
wima
angou
wima
wisth
angis
athe
wime
wimes
angh
wigh
thin
and
win
beyo
winde
andof
ande
anded
anerin
wine
wind
anthe
wil
thil
thil
wil
thil
wild
thild
wive
thive
wive
wives
wild
atore
atut
aing
wing
ailla
aner
ailll
ath
atha
atofo
aton
wind
ath
athou
ating
athe
atili
thilli
atherd
theingh
atingh
atingan
atingang
win
ath
thin
thin
thin
wisa
athof
athe
thing
wisat
wind
sth
pthe
athe
thean
atheme
bean
thean
beand
theand
ante
win
and
athe
athe
athon
wind
athe
wiv
wive
be
the
he
he
the
bean
ber
bere
berere
thende
beve
bean
hed
beds
theande
hea
aman
amand
hean
beand
beth
theth
whe
heyo
whe
ame
when
same
whean
bencki
thend
bend
bell
thell
ames
whend
bend
ber
theres
bes
hes
hes
bend
amyof
bend
hend
beng
hend
besed
hend
bed
thed
hed
beyonge
be
he
whe
he
the
the
thean
thebe
heri
herid
beri
ayo
beve
bed
bedis
thedis
bea
ayomer
there
byou
heaved
bes
whes
thes
bese
bes
ang
angan
bed
and
hed
beyo
beere
beyou
beyon
beyo
beyor
ande
benge
bengs
beyoran
bedin
beend
bedit
thedit
bend
bende
hel
beves
heli
hen
when
then
bengh
bend
beand
byo
ayo
ther
heis
bero
ayou
byous
bein
thein
hein
whein
bend
thend
thea
hea
thea
theade
theam
hean
bed
thend
bethe
beds
theds
theds
atheds
bernd
ber
bl
tho
al
abl
tho
tho
ablo
ave
aves
thong
alof
whes
bld
thed
ald
thed
blde
blde
alde
bla
thong
these
bli
ble
ble
bles
bles
blles
bles
blende
blo
blon
bou
blld
bland
blled
aves
bli
wali
alit
talit
bld
thed
bong
po
tho
thored
thorend
bode
bods
thods
pof
area
ares
pothe
bond
poup
pouphe
poupe
fout
bouth
bour
bouth
foin
bu
the
he
athi
bur
thean
but
buth
theck
theck
buthe
thecke
thecke
thecke
buthe
thecke
butor
buca
alit
bure
there
ance
anco
juth
willin
juthe
anthe
anth
santh
santhe
bur
bure
burer
hende
bupr
bupr
bupll
bupe
bupes
theves
bupre
anome
theame
bupres
bupeng
bupred
bupe
heve
buper
hean
heve
heven
theanit
heanit
bur
thea
hea
burd
beath
bull
bean
bus
thes
busth
buse
buso
beave
busin
beand
but
bus
thes
thes
ang
jus
athes
bugou
buswi
theman
bugh
jugh
bur
and
hed
burin
bure
bund
thend
allin
bulle
alle
alle
bulin
allin
bun
then
alling
bulld
bust
buit
buste
beabe
bur
ther
ther
bund
bund
thend
bur
ali
ther
bull
thell
bure
buima
alle
buin
alin
thein
alind
alin
anthe
bus
thes
thes
jus
thend
hend
thend
heng
buse
thend
juse
bushe
busat
bund
thend
bushe
buse
but
butre
bute
buth
buth
bur
thed
bund
buth
bung
bure
ande
jure
buth
juth
bur
burd
beve
al
alo
ala
wis
wis
all
alla
alla
blle
thave
bll
blese
wing
wind
bll
wil
win
wind
wind
fokes
for
fothe
fothe
thofond
fofond
fothes
thor
bof
thof
bofam
pou
bof
whi
athe
saththe
wiout
wike
aicki
with
withe
aind
aind
aind
ainde
widis
alle
thile
thiqu
aiqur
aland
thiqur
thiqur
wiqur
wise
wise
thise
wise
thise
wised
wisthe
wisen
with
wito
aith
thitha
wint
win
thin
wilan
wilang
alor
wioth
win
bouth
wind
winde
ainds
wilous
bofa
wiof
win
thin
ain
thin
thin
thin
aishe
thisth
wind
wing
aing
aingh
wind
thind
thinde
thinon
thisugh
ainsa
winde
ainded
win
aind
be
the
wabe
ancend
beri
anor
bes
beth
theth
bethe
whean
anth
hend
whe
angi
whe
thed
and
thed
thed
wher
wher
thend
andes
theres
anded
whend
whend
wheang
here
anea
anea
asa
ansa
bean
ande
fo
athes
juth
bus
fof
bur
wi
ai
whi
wit
ait
thit
wice
aiv
whang
whan
wist
ait
whit
ais
this
whed
thind
thinda
wive
thave
win
thin
wind
ainda
wind
wing
thing
thind
whes
athins
thins
thins
thound
wind
thinde
thinde
winde
winds
win
ain
thin
winco
aising
wind
thind
thind
wind
thind
wist
aist
thist
wing
wind
ainor
wisus
wisi
wind
winde
wisth
stha
sthe
awi
than
bbere
bave
bbu
abu
abur
abeve
abeve
thanou
aburo
abeav
abust
abugo
thango
abuga
abur
abure
thallle
abulve
abuson
thalyon
abuse
abusand
abure
pto
by
an
wh
pthi
ptha
whal
ancki
ayo
ayof
byo
whe
whis
whin
whin
thend
whe
ang
when
ande
whev
whed
ansth
thesth
ath
athe
and
be
he
the
whous
ther
ave
avere
aved
whe
best
aven
waven
avend
beme
ave
whe
wing
aves
wind
bes
thevin
bure
a
th
kin
thin
thin
thin
acowin
kinan
kinang
thinang
kinath
kinke
kinkes
kinkise
kincki
thincki
acorin
kind
akind
thind
kino
kinori
kinou
kinon
kinome
kind
thind
kinst
kinghe
thinghe
kinthan
king
thing
kingou
kingis
thingis
kind
thind
kindan
kinds
kinou
acoull
acoull
acous
kinzze
kiriqu
kiring
kind
kinde
thinde
kindea
kindea
thindea
thindea
kis
kit
kisth
kin
thing
kil
aco
kind
ath
an
the
ant
ther
ancki
anth
orind
orin
her
ther
and
thed
and
ang
angis
ange
angs
wangs
and
thed
thende
ande
hou
hour
houll
ori
hes
thes
thes
king
kind
ori
and
thed
ande
avis
avin
hous
han
than
thand
hang
hato
hath
hathe
whast
aves
hand
hat
habe
han
and
ki
the
the
kith
and
kis
kithe
kingh
kind
ang
therd
anga
angs
and
kind
kild
kin
ther
atof
kin
athe
and
wand
kind
thind
athof
athe
he
the
the
here
heve
hed
hes
henth
henth
hes
ame
thed
hend
ames
amese
here
hend
held
ofo
ther
aker
thers
hen
hella
helll
thella
hel
hele
heyon
heange
hed
heyo
heyonge
here
he
the
the
hean
here
hed
thed
heda
hes
hese
hes
hema
heman
theman
hed
thend
ayo
hexche
thexche
hexcand
ayove
thers
hes
thes
thes
heyo
thend
theng
hend
hed
hend
tho
tho
alald
ave
thou
thou
thave
athou
alle
thous
thous
hous
all
alle
alle
alove
ave
alit
ache
aling
ho
hor
thoth
hod
hothe
ofof
houre
ofou
hon
he
the
there
heang
out
ther
ther
outh
there
there
oures
outh
oupr
theav
heave
theave
ouprd
ande
thea
ous
ouse
ang
ouse
angs
themy
angh
oul
heve
heve
theve
heves
our
our
therd
oure
outh
oung
ands
our
kit
ale
of
wand
ofa
ang
thof
whof
thof
ofo
hou
whou
hous
thous
house
and
ki
thi
king
kio
kin
thin
thin
thin
kilan
kind
king
thing
thing
thing
hous
thous
thous
kin
thin
thin
kind
kin
an
ashe
anous
and
ande
asan
and
ano
ou
oulous
ki
kiore
kirin
kin
king
thinon
kinou
thinou
kise
kisupr
kisthe
thisthe
kised
kisus
thisus
thisus
thisus
kisend
kised
kind
abu
abus
and
and
av
the
ava
ave
ave
or
ore
orend
ores
hand
houng
th
thil
the
thth
thein
ithe
the
thein
thes
thend
thend
theshe
thed
thi
thi
the
th
tha
the
thed
thede
thed
thed
the
acki
than
ticki
wiki
wiki
thero
thind
thed
thand
ththe
ththe
this
ththe
ththe
this
thang
thimave
thimalo
thin
thand
thand
thind
ickind
thing
thilll
thithe
thtofo
there
theing
thin
ickin
wikin
thind
thth
thand
wickin
thand
thind
ththise
thathise
thithe
thiv
the
ithe
thes
tho
cknd
th
thes
the
thin
with
tind
thing
withe
ithe
thin
in
win
thin
int
tore
ind
inde
ind
int
tong
ing
ind
inon
ind
inde
thid
tous
canga
the
th
ath
wid
the
the
wide
ithes
the
thand
cand
thand
thands
thand
thes
thang
cang
cand
thi
th
thea
ithe
cato
came
tou
tour
tha
th
this
the
wise
athe
thes
thes
the
the
than
cand
cang
thes
it
the
wit
iting
tin
tind
witores
ith
tithe
ind
thilli
ithi
ith
ith
ithe
cere
th
thans
thea
this
thes
themy
the
thes
thend
the
ce
ace
the
the
cean
ithes
ithes
tyond
ind
wind
wind
thes
ces
aces
cese
ing
ind
cend
celi
cen
cer
ther
ither
ther
therde
cere
there
ces
thes
thes
cend
cebe
cean
ceand
ind
thed
wind
cengor
tok
thoke
toke
toknd
tori
ton
thou
tou
tour
tor
tong
tof
the
ce
cup
inkio
cure
there
cure
ceve
cur
cus
cend
thend
cuse
acuse
cuse
cean
ceande
ceande
ceang
cush
cuth
theth
ilind
ing
ind
ino
wino
inor
inof
cure
there
inon
cen
cend
ines
cus
cuse
ille
ille
cus
thes
ind
ceve
ceve
thin
the
tok
thome
tome
thomy
tori
wifon
thou
tou
tour
ton
th
thi
tith
the
the
thin
thin
thed
thind
tous
tousa
ting
the
th
thin
the
with
win
thin
tisth
tind
ind
tind
wind
thes
tha
the
thin
tisth
thing
isthe
the
the
the
thed
wisin
tist
ist
isth
tind
ind
tind
tou
th
cath
cathe
the
thes
athes
thes
the
thin
cang
thi
the
thin
ithe
th
thed
the
thea
the
tind
the
cang
in
o
an
to
wi
fa
tof
obeds
oprea
fan
fan
fang
fo
tok
wik
oke
toke
fonde
fond
fonde
fong
okise
or
ithes
ori
ithe
inth
ith
theco
with
inthe
intha
ithe
tothe
ithe
ithe
orin
tore
ore
fing
ith
or
tor
win
ond
ori
ong
wing
onge
ongi
ongh
ore
ors
tond
ond
onde
fon
or
tor
tor
ove
ove
tove
wive
ord
tord
ove
ovi
ovin
fave
inds
is
ise
fang
isus
fand
it
our
ond
ithe
out
find
ong
ous
ond
ing
of
ingh
inghe
ofon
ofo
toman
ord
ist
ingi
ome
omyo
ofo
ofon
omed
ings
omy
nghe
ind
re
rean
indan
tond
ond
res
treng
rend
inou
fou
fous
four
foung
fowh
fo
ore
tore
tore
fond
ores
fou
four
fon
bron
fono
fong
ou
tou
our
out
sour
oures
oure
ous
touse
ouss
ouand
toussa
ous
ound
ous
our
ofon
fo
fis
ore
ton
on
ong
ond
fi
trin
fin
ant
owe
ong
o
to
ori
or
tors
ong
tong
lond
lond
todend
lan
land
on
ome
ome
omer
ivend
ofus
omed
omed
avend
aver
oring
ves
our
ourd
ourde
oure
toure
ous
our
oure
oun
tous
tound
th
a
wa
abe
ake
than
aknd
thi
at
cath
ath
athe
cacki
cackin
ackin
acking
athe
athe
ath
thit
ait
aing
aind
aith
aind
aind
wacan
ath
an
powa
ant
anth
canth
anth
wanth
ang
cand
and
ared
thous
ari
and
tha
av
avan
ard
ava
ave
aved
than
ave
ad
the
adi
ade
pan
the
an
athe
ath
thath
athe
athe
atind
ato
aind
athe
ant
aind
thithan
and
aner
ath
thin
cath
ath
athe
am
ofo
aghe
ast
ame
thed
thella
ame
amer
tomer
pende
aveng
pend
amer
ames
ami
pev
the
pe
ave
ther
therd
ayon
ayong
ant
theved
peves
and
pende
and
athe
al
cave
ave
wave
aves
aved
tall
aved
alle
ave
an
ave
the
our
out
oure
ourede
oure
ouri
ound
oupri
ouprid
ouped
oupl
ouri
ouphe
touphe
wang
thed
and
wiveng
ande
thees
thees
all
our
ourd
oure
alind
alin
ale
alle
ait
ais
the
an
the
and
and
aiche
aiver
ain
thin
aing
thing
aind
aind
ain
towi
owi
an
the
and
ave
ave
aved
theve
a
to
at
cat
ait
cait
waind
ace
ath
ano
anor
arer
ande
cande
arve
an
can
and
athe
ant
anthowithese
ang
tang
wang
angh
tangh
anga
athe
athe
angs
cangs
tangs
wangs
tanghe
angh
cath
cathe
athin
ato
cath
athe
athe
anth
and
athe
agh
aman
amev
ame
ames
amin
amy
an
ivere
wanth
ath
aves
an
tou
tou
tou
wive
oupe
and
ous
tous
ang
wang
ange
and
allo
alli
ous
tous
and
al
ant
ange
are
an
ane
at
and
abus
aned
ave
ave
avis
aved
ave
ave
tove
wave
aves
toves
oung
d
th
abe
ath
ace
din
din
aco
acong
an
her
ang
thes
wang
ange
theme
thourd
thous
ans
and
da
than
dan
thand
dand
thand
dath
thang
dang
thand
dand
ang
an
the
and
wand
this
ath
athe
athe
ant
this
ang
athe
and
wand
ande
dind
the
he
the
asth
hend
thes
hes
thend
the
he
the
her
here
hers
thers
and
hes
hean
and
hend
he
the
oup
oupr
and
thes
oungh
oule
ous
oung
and
ande
disi
an
the
ang
and
at
tha
athe
than
ath
than
dand
thand
an
athin
athes
thecki
therd
and
thed
ans
av
thel
ave
hell
aved
are
o
th
th
ofo
hit
hind
hing
tofo
tofod
thin
thind
hind
hing
ori
thil
thild
toris
thith
oth
or
the
oras
ore
fou
thend
fous
ori
torid
oris
orin
orin
ove
fous
hat
hacou
hace
orin
thath
hath
hand
hame
fore
ha
ong
hama
hamy
thamy
have
he
the
the
the
out
thit
othe
out
ong
this
this
thongh
othe
thigh
ond
hing
otof
oth
hin
thth
he
the
here
theres
herd
ofomy
theres
hend
ome
then
then
hend
heng
theng
ofo
hes
thende
oma
heds
hedshe
thethed
he
hean
hed
hend
thend
fo
toves
fou
ovin
ofave
thou
ou
out
tout
outh
ous
our
thed
thed
thed
heyof
ourin
oun
soun
our
sour
ther
ourth
our
ther
oure
there
ous
ouse
ous
ouid
ouse
theam
theam
our
ournd
oure
his
his
ple
whan
pll
thal
have
of
sof
for
fore
ore
ofon
hi
hice
his
hin
on
ond
hend
thend
onda
onde
onth
hel
hes
owi
owhe
thean
out
outh
ous
ous
tous
hice
his
han
than
whan
than
thowh
hand
thand
owha
thand
thand
owhe
owhe
owh
hand
on
ard
oman
thean
thes
ont
ong
ond
ors
oves
or
tha
orde
ous
ore
fou
thou
thand
thand
fous
hand
thand
thand
ous
a
alll
ath
aco
wait
ait
aith
ace
torende
acea
athe
ath
athe
atham
athan
aind
ath
cathe
athe
ath
an
ara
anth
ano
antean
ange
andin
anche
ans
and
ande
av
all
talat
alat
alang
ave
aveve
aveer
avend
avere
alllll
avean
avin
ave
al
ale
ban
can
an
ath
ath
athe
athe
cath
wath
ath
athe
touth
anth
anthe
aind
tanan
and
aind
anth
ang
tango
ango
and
ath
wathe
athes
athes
sato
wato
ato
aton
ath
cand
athe
caghe
came
ame
amer
amed
came
ame
ames
amed
tofo
tofo
thami
wami
ami
wamis
amis
tofin
amin
amy
cama
aman
an
berin
ayous
tayouse
and
anev
ayo
ayof
ayon
ayo
ayon
ayong
and
athe
beve
beves
al
ald
tave
wave
ave
aves
aves
aves
aland
alind
alld
ache
caved
waved
aved
tali
ali
alid
alin
tore
sou
than
an
atous
oup
toupe
oupe
toucang
tour
our
ound
ours
oure
alala
ouri
ous
angin
wangan
angan
and
ound
all
alle
alles
all
thano
tour
wano
ano
canoth
anoth
anofo
anof
oure
anol
alll
oure
tous
ous
and
tourod
ale
ales
all
ales
wall
all
ait
aste
aite
athe
an
lond
ai
aind
an
asa
ash
ant
ang
tand
aned
aned
ans
ansa
tand
and
ande
ande
tands
ou
athe
ard
ous
are
aild
cain
cainde
aing
ang
angi
ane
aned
avea
avere
ave
cave
ave
aved
aved
arall
whe
ak
at
ath
athe
with
thin
win
thin
thin
thind
wind
thind
wing
thing
wind
acond
acon
thins
aconde
wind
asthi
athi
athis
thisth
thisth
athin
wit
withe
thithe
wind
thind
ath
aced
ace
ace
thins
wis
aca
thil
wise
athe
athe
the
an
the
ano
ther
arant
theand
ante
cang
ang
thest
and
ares
are
thou
sout
ared
sour
asous
ans
anth
anthe
and
ave
alace
alan
alant
alde
aved
ave
ad
here
whe
whes
thonde
whi
thof
wari
whis
sang
ast
asth
thace
sang
sand
whe
thans
thave
than
whe
wishe
than
wheres
sang
thang
and
the
an
the
wan
wan
ath
cathe
athe
atheng
asth
ath
anthe
athe
athe
anth
thith
anthe
win
and
ande
ththe
ande
wisthe
athed
wisthe
ant
wind
anthes
ang
and
andst
anthe
anend
ath
thin
athe
wind
thind
athe
athit
thisat
and
athe
athed
athe
he
the
thev
hede
theand
amand
ame
ame
ames
ame
amerer
heng
hend
amean
asuter
amis
thela
hes
thea
hed
he
the
athe
athed
ther
ayowe
ayo
heand
thean
and
hel
held
then
hen
thes
hend
thed
ands
al
wal
alan
thed
tall
alin
alind
thou
ave
alle
alind
talling
ave
ache
avend
ali
wali
ache
arou
athe
ther
ano
ant
her
and
thes
ande
aling
ang
wang
angh
ange
ange
angon
angs
and
aned
alle
theves
alles
ane
all
thela
anch
theang
thes
ans
thes
anse
hend
ant
thet
ante
thebe
anth
anth
and
ande
heve
here
thi
al
thi
wisa
ach
ath
ala
all
this
this
thab
thald
athes
athe
thabe
alan
win
wing
ald
thit
wit
wind
with
wing
wind
ale
this
tham
this
aled
ales
ache
ales
ache
aled
ale
call
sall
all
wall
wall
alld
allde
allds
alle
alld
allde
win
than
wind
an
wi
wing
wive
win
an
ant
asan
ant
then
ante
ange
and
wand
ande
ands
thel
ano
thel
anof
ane
anes
aned
ano
ans
thea
wi
thi
sabe
thavis
wive
wise
wishe
wit
with
wis
this
whe
wive
win
thin
wing
thingis
wingis
thingis
wind
thins
whes
thins
win
thisang
wisang
wite
win
at
abe
abus
ath
ath
athe
an
ayong
and
ishe
whin
ans
and
avin
avat
avan
aves
ave
aves
are
th
th
thes
tha
tha
tha
atha
atham
athan
ithan
than
than
athan
the
ththi
ithe
the
ithes
thes
the
therang
thecke
ther
ithe
the
thella
thes
thind
thing
ath
th
with
ith
ithe
than
than
ting
ithe
anth
the
with
itha
tha
the
ithes
thes
ithed
ithed
thed
athes
ithes
thes
thed
theng
athi
thi
this
this
withe
thin
athe
thi
ith
to
win
ind
itond
th
wivave
this
the
tous
theng
and
th
wid
the
the
the
thea
ithe
ithe
the
athe
ther
thed
athes
the
the
athe
the
athe
thit
wile
tale
wilin
th
wis
thind
the
the
ithe
the
tit
tit
it
wit
anth
ith
ith
ithe
ithe
ithe
tilde
ing
tite
th
wis
than
thikithe
the
wimed
thede
thes
wigond
the
this
thean
the
the
thestha
ithe
te
win
ted
tes
tea
th
towh
tokes
the
thi
wili
than
tof
wiof
tors
ton
teand
tur
winges
inges
ind
illl
athes
ithes
the
to
tor
itord
itord
tord
ton
tove
the
thed
the
thes
thes
ithed
th
tho
wino
tha
the
ingend
the
ind
tille
tove
trin
this
ting
twe
tand
ither
th
win
the
thala
thiol
thin
the
thed
the
the
tove
tong
th
he
th
m
th
ghi
ighe
ghe
man
ghe
thano
mano
maran
mang
ghes
mand
ghath
ghan
ghand
ghand
ghand
ghande
ghande
thato
mayo
malle
ghime
ghime
than
than
ghe
man
than
than
ghes
thang
thang
mang
mang
thang
mavend
maveng
gh
ghin
ghin
ghe
gherd
manthe
ghin
gofo
gheld
ghela
ghean
ghe
ghes
ghes
weres
thori
ghor
ghoth
ghothe
thou
amou
gou
thout
gout
thout
thouth
gouth
gouthe
goupl
gous
mand
gofo
thofo
ghong
sth
sthe
ghe
the
go
ther
gok
heri
ther
goth
gothe
thithe
gore
there
gore
ther
gor
goncki
gors
grond
thean
thean
med
wend
mean
then
gon
gond
goth
gouthe
gouthe
thes
gof
gres
thour
gour
gourd
grice
gow
gong
go
gok
gon
goto
eves
gou
gouan
thouang
gouang
gour
goung
mant
manth
manth
math
thame
mame
ghe
thand
mang
gheng
thaca
mall
mai
ma
gof
man
mand
mama
mand
gous
than
man
man
mand
mans
mand
mar
the
me
mace
gha
mang
thou
gou
wede
mand
thous
gous
gous
mand
mand
man
mans
tho
ghing
gher
thous
gouid
gouin
gof
gones
werd
ma
mand
mathe
amamin
mamin
mang
than
gou
mands
gous
malle
gof
thang
mang
mans
mand
thain
main
mand
ma
man
mand
gheve
ghes
man
mang
thand
mal
main
than
main
st
sth
sth
thth
thth
stha
sthas
stham
isthan
sthan
ththan
sthand
sthand
sthe
sthe
sthe
sthe
sthed
sthe
thith
sthi
sthid
min
mind
therd
sthe
mean
sth
sthes
sthed
sthe
meai
this
this
sth
this
sthin
sthe
stha
sthe
ththe
sthe
sthere
sthell
thean
sthe
meand
thind
sthe
thind
mishe
thisthe
misthe
meand
amit
mit
ste
sthe
sto
sth
stho
thino
sthof
thisa
sthe
sth
me
ther
mere
med
methe
ghe
gheng
theand
ffou
med
me
thes
meacki
mero
thero
thera
mende
myo
myof
myon
myond
mea
mes
mese
these
mes
thes
meme
thed
med
mend
thes
mes
thes
mend
thend
thend
mend
mea
med
sthe
mend
thore
telous
glous
gou
gond
gono
gor
gore
gong
gorin
gof
gore
thore
gord
gol
gove
gou
goung
gowo
me
thea
sup
mea
mes
thea
meab
supre
mead
meas
thean
mean
meand
meam
sthe
mean
mere
suth
suth
suthe
thecke
meco
mecon
mer
mers
thers
theres
mean
mevis
med
ther
mer
merd
mere
merof
meron
merong
merd
mesth
thesinde
mesthe
mese
mes
thed
mere
meong
thens
mens
amer
mer
mell
mes
mere
mea
mean
med
theng
theng
meng
mere
theres
meres
thero
thero
mero
therod
ma
mans
mav
thav
mave
mave
mis
this
thand
thiss
mangs
thave
mave
maves
mane
mal
mabe
mabed
go
thor
gor
thoth
goth
grind
gofof
gor
thond
gond
thors
gon
gong
thous
gothe
thothe
gomy
thove
ffon
gou
gous
gouringingong
gour
goula
gouns
gous
gour
thoung
goung
gof
gon
thi
mi
gof
micknde
gofon
mivi
thiof
sthe
miqu
thiqu
mis
mist
misth
thisende
misus
mith
ming
mith
thith
miman
mime
gofo
gofou
mild
gof
gou
mind
goung
millon
miof
gofo
min
minking
mins
hes
the
my
gsthe
med
myo
mes
heng
thes
ghe
thed
ghe
ghecki
ghed
theng
ghes
ghed
ghes
gheng
weseng
ghed
myon
myong
ghe
ghean
ghed
ghes
ames
mes
meng
med
go
thoke
goke
gor
gof
gres
gou
gond
gousa
gond
ma
thit
mat
thit
math
math
ghind
thitham
marend
marin
ghan
math
mathe
ghe
thind
malan
malof
malo
malla
malo
mang
thin
man
mare
mand
gh
ghe
ghe
myof
man
mand
eve
mand
mang
weves
teves
man
mand
thed
med
mand
mabe
thabe
mas
mant
gomb
gouthis
ce
he
te
y
the
webus
there
tho
mand
thos
thon
cean
the
the
wean
mang
thin
th
the
this
ithe
athe
tyof
the
were
thed
ithes
tyome
thes
tyome
thed
thes
weres
ithed
thed
there
were
the
yout
thed
weand
yous
yous
thed
ther
sthe
ther
thean
ceca
tha
cethe
sthe
the
tithe
tithe
tind
the
tho
thin
the
ting
tive
yo
ceri
yofo
yoth
yore
yoth
yothe
yor
were
yos
yotho
you
youp
yond
yowi
yore
yo
wer
thi
thand
yod
ceron
yond
tyou
you
youll
yous
thi
weri
werind
thide
there
yo
you
weve
your
mala
yof
main
yor
ted
nd
themy
thon
the
wede
indes
yous
yo
thit
the
yond
byond
yothe
byothe
thind
thind
you
thi
this
the
yong
yord
cean
man
mang
ceand
yor
tean
man
mash
ces
th
test
the
thit
thin
mand
the
the
wean
the
thes
wen
sthe
wethe
stors
th
than
ysth
this
tho
thens
cemend
thend
thed
thi
the
ind
me
inda
mea
mes
myo
mean
men
meyo
meyof
med
yo
than
cela
tha
the
thin
your
you
yous
youre
yof
welo
yond
welod
yofof
yofa
llof
yond
celi
teli
thi
weli
celld
thid
thide
thise
thise
this
yore
thin
weve
yound
celin
yon
weld
yored
yout
yofe
yores
yored
yor
yong
yod
yon
yond
tyofo
yofo
byofo
byofo
yofok
yoves
yove
yof
yon
yore
ten
me
mer
eng
end
tens
mes
mean
ende
th
thas
thi
tha
mand
teang
mang
than
than
ayo
yo
yor
yoth
tyor
yore
yord
yol
byol
yous
yore
yo
cera
yop
tha
yof
than
thi
yore
ther
yord
tha
thar
tith
yong
the
byof
yoma
tho
thori
ayou
you
tyous
yous
yon
wein
yon
th
cesan
cest
thin
testha
thisi
tha
this
tend
the
tho
yoke
yous
tha
than
ceas
tha
thad
thal
tho
the
thi
sthe
mbul
mbeve
ind
th
the
the
th
make
eves
eve
eve
youpt
th
th
l
th
ca
than
can
can
cand
towin
chind
ches
aches
than
che
can
than
thand
cand
ck
cki
ckis
ckerd
cke
acke
toke
cke
thand
thand
cked
ckes
ckes
cked
cke
thou
cof
lit
che
othe
othe
the
or
cof
cong
cove
orat
oran
ong
ore
thou
cou
cous
cour
cour
orin
ond
tond
onde
onde
lllller
lld
lll
cha
cabe
tham
che
che
cou
cang
cores
cave
ove
ove
calor
can
than
cang
than
cand
the
ld
thes
ched
cou
can
can
co
che
chin
thof
che
thof
thome
come
than
than
than
than
cou
than
thous
cous
wilaned
ca
tha
thand
cand
li
lin
aling
ling
oth
live
theang
lis
lind
lit
ond
lis
lil
listhe
lild
thincki
othe
our
othe
lite
ond
liv
live
le
ofis
che
the
le
the
the
lea
lerve
lere
lyou
thende
lende
lllli
levean
thed
led
leri
thes
les
thes
les
leme
thend
les
lend
lea
leait
theth
thed
lle
llle
llou
lli
tho
tho
ofo
cou
ou
the
oup
tour
our
tour
oure
ours
oucai
our
toure
ounge
oured
thean
oupe
thevi
ouri
lll
oust
oute
ous
touse
ouse
lle
llll
llori
llon
ous
lll
tous
blll
llla
llle
llo
llof
outh
ous
tous
ouse
ouri
thea
ous
outind
our
thed
our
lever
our
oure
llon
lli
cang
lling
lle
lll
ore
llo
lis
thili
thin
on
lyo
ther
lyof
lyon
ong
tond
che
lll
cove
cou
cour
li
lime
thili
chend
can
cang
owe
can
the
ch
che
cher
ove
oved
thend
thed
cave
cou
o
toki
oki
token
toke
orang
othe
orthe
tore
ore
tore
ofo
ofon
toth
oth
or
ofof
ong
ored
onge
tores
ores
ofon
ofo
ofor
tofond
ofond
ofors
ofore
ofond
tori
tori
ori
tori
orid
oris
torin
orin
ors
ode
ods
tof
of
ore
ored
ton
on
ton
oth
toth
othe
oure
tond
ond
toth
onan
ond
ound
oton
otos
ous
ond
of
ofo
tofo
oma
tome
ome
omev
tomev
omeve
ofo
tomy
omy
be
othe
othe
breshe
byo
ond
ong
ongis
ores
ond
sothe
onds
tove
fong
fond
tou
ou
oup
toup
oupe
oupe
oupe
ouang
tout
sout
tout
out
touth
outh
our
oure
ounge
ound
onds
our
tour
our
tour
tound
ound
oung
outh
our
oun
ound
oula
outhe
our
tous
tous
ous
ound
oung
ouses
ouse
ound
oushe
ourd
outhe
oute
toute
tour
oung
touth
ournd
outhe
outh
ourit
our
tof
tof
of
ofon
ofond
tofond
ofond
ofof
arof
tore
ore
fou
toous
fous
toous
ofo
ond
ord
ore
fin
find
finds
find
fing
on
ou
our
ore
oure
arou
fou
ound
fous
tous
our
ore
owhe
on
ong
tor
or
ori
tores
te
u
tea
upp
lakin
thi
upre
buse
cushe
athes
thes
thes
cupl
tupl
thi
thi
bupl
cupld
tupld
thid
tuplde
cupis
this
this
thin
thin
thinde
thinde
thishe
thin
thing
thins
the
th
turd
urd
burd
than
the
turd
urd
teang
lang
tut
ut
uthe
cuth
uth
winth
uthe
buthe
uth
buth
tuthe
tuto
uth
uto
buto
tuth
uth
buth
buth
uthe
cuth
ur
bur
ure
bure
unda
urin
upe
theve
bupe
uped
upre
heves
teves
upes
bupes
uped
buped
lat
lace
lath
nde
ano
tur
ur
thi
inore
curin
thin
bure
tha
cure
the
bure
anomy
thed
bured
turo
uro
turof
uro
long
ll
lld
lless
llle
us
tust
ust
custh
usth
the
uth
ing
us
bus
nghi
the
the
ngon
ingi
les
ngan
ngh
usth
ind
le
und
ll
willa
lla
lll
llam
llle
inche
uche
llan
lland
illa
lll
illi
lli
lond
lo
inor
winor
lor
long
lore
lond
londe
lof
ura
inof
ure
ll
lo
lome
ure
li
lise
the
illl
lll
bull
lichi
llle
llle
llld
us
use
alyon
ur
bure
ure
th
ush
lin
wean
uth
nd
a
a
the
lan
than
lll
thal
ak
ake
at
aithe
aco
ait
ace
ticures
acures
atha
an
cangh
and
and
tinds
lour
thowe
and
and
aver
avind
ave
ave
aves
aves
cande
avere
avind
ave
ave
cand
aved
waved
wived
cousute
cang
than
ave
lang
iqu
thand
land
tha
is
and
ang
che
than
than
the
thes
ches
thes
the
than
athe
athe
ato
ato
ath
anand
anand
and
thea
ato
atof
thean
ant
ang
angh
and
athe
ather
and
athe
is
thean
thebe
isth
le
ant
cer
ayour
ands
andan
lll
then
ane
thend
lend
lend
thend
lende
thes
and
ll
lll
llld
llan
lli
wive
ave
illl
ave
willl
wive
allede
llle
alous
alla
llla
lllve
lond
ler
lereng
ang
and
and
ande
lll
then
then
wine
ans
lend
anto
ll
zza
zzi
zze
zze
zzes
ain
cang
135
4135
4135
2225
4130a
130e
aith
zzan
ais
isa
tind
aned
at
at
abe
abe
abu
ath
an
cand
the
ande
thed
theng
the
av
ave
ave
o
to
ome
tome
tome
owh
fo
tok
tok
oro
fof
or
tor
oth
oth
oth
orab
othe
otha
othe
tothe
ore
fing
ores
tores
or
orve
ors
orse
ofo
ofopt
ofod
ofof
ofon
foring
ofon
ondes
or
fou
fous
fous
found
founde
of
sof
tof
ore
ofo
tofo
tofo
four
foung
founs
torens
toous
fon
fonde
othe
touthe
othe
tothe
othe
toushe
othe
ofo
tofo
ofof
ofi
ofof
tofof
ofus
ofo
omy
tomy
tomy
omy
ore
fend
fo
tol
tol
omand
foke
ove
tove
tove
thove
ovede
fou
four
old
told
fong
oves
fo
tof
fof
ore
ou
tou
thou
ous
oul
ouche
ouns
touns
souns
ound
ous
ousa
oure
our
oung
of
tof
for
ore
fon
on
ond
onon
oned
ouring
owin
owh
i
th
wi
wi
th
th
tha
tha
thi
thin
the
towi
this
thin
the
the
thes
thes
thes
wibes
the
than
than
thed
thes
thes
theng
the
ikin
ththe
the
thou
thes
thes
thous
thous
thend
the
ther
thyon
ith
tith
with
with
withan
ithe
withe
ickng
icki
wicki
ithe
tithe
tithe
withe
ithe
ithe
tithe
withe
withe
ith
icin
ith
this
ice
tice
ices
iced
iced
tithin
icin
ith
hind
itha
ithe
withe
in
the
win
win
ind
ind
ing
ting
wing
ings
ingnd
ind
inde
ive
ived
ive
hand
id
thi
ththes
thin
ofo
tofo
the
thou
the
withe
thal
willd
iqu
iqu
hand
ist
isto
istin
the
the
wise
thes
thed
the
thand
it
wit
inthe
tith
ithe
ithes
ithe
ing
ting
wing
inga
ithe
withe
ithe
ithe
tithe
ingh
tingh
inghe
inghe
ith
itho
is
the
wis
ighe
imand
igh
wigh
ighe
igha
ighe
ighes
igoupe
tofoupe
iman
iman
isthe
iman
igo
igon
ima
thean
ima
ist
istha
imith
ime
thes
thes
wime
imed
issth
ighe
ime
thed
thedan
imed
thend
wistha
imean
imes
imen
igou
imy
wimy
hende
ighe
igh
ighe
theng
ighe
in
the
ith
ith
ithe
inout
ind
int
ing
wing
heve
theve
ino
hean
hes
thes
thes
hend
thend
hend
heng
winth
il
til
ilo
ila
wive
ive
ilo
ive
ili
tili
wili
ilis
ilisth
ille
ilin
ilind
ive
ived
thond
ivede
ives
thond
io
iowi
ion
thon
iond
ious
ore
wiou
iout
wiout
ion
iong
ou
the
win
the
win
our
oure
our
oupa
ilave
ind
wind
ouro
ous
ing
tous
ind
outh
ound
oul
toul
oule
oun
then
our
tour
wili
outhe
ouis
oure
outh
ous
tous
oung
ind
inde
toure
ithe
ist
ila
ithe
iop
iof
ofan
iond
ofo
il
thisean
hit
hithe
thean
ithe
ilo
ilon
the
ious
wious
ith
in
the
the
win
ind
wing
ind
wind
wises
ins
ind
tind
wind
inde
ille
in
the
ind
th
th
s
sa
sh
tha
sphe
shin
she
shes
thang
shave
shan
shan
thalo
thast
shan
thast
shand
she
shes
shes
shean
splo
shese
shere
sall
salla
shand
shon
shin
shing
san
sashe
sanghe
sand
sand
shed
saveves
shan
thathed
yori
shere
yorind
shes
shou
she
than
sath
sathe
sand
shin
shes
ashe
ishe
tshe
shed
shere
thathe
thathed
save
sall
shou
anout
yout
youth
anoure
youre
yous
youl
yound
thound
thound
sher
sano
shere
thabu
saves
st
sth
sth
anth
anth
sthe
sth
anth
sthin
sthe
sthed
anthe
sthe
win
wind
sth
sth
this
sthe
wind
wisha
wished
with
wing
she
thin
wind
inco
sto
stoked
stour
thind
wind
winda
thinde
thiland
stok
stou
stour
sthe
sthe
win
stha
sthit
thil
antha
sth
yo
the
yof
ther
yok
ther
yoro
yothe
yore
anor
ther
yor
seathe
yove
sean
seang
yofi
ses
sese
yond
yof
thes
yofo
yome
yomes
thed
sre
yoringhean
you
your
your
your
yons
thed
sed
yond
yond
sa
spous
saind
save
shand
thad
thadi
spous
san
thath
sand
yome
she
thall
you
youpe
yous
your
youll
sand
anowin
thand
sand
san
yore
asav
sad
san
sant
sand
sali
salis
sald
you
yous
youse
yous
sand
yof
saind
sand
yord
yorde
yords
nd
ndin
saco
sand
nde
ande
ndes
ndeng
nde
yow
ndan
yo
byo
yofo
yofo
yorin
byond
shand
she
yoman
yoma
youn
yous
yolle
yof
yon
yond
yond
yond
thowh
yors
sa
sato
thato
thall
yof
sai
sale
san
sashe
sanor
youp
yous
youpe
tha
sa
wind
tha
saco
thaind
thacond
san
thand
sand
she
same
thama
than
she
sang
sand
salak
sant
sal
thainde
shin
san
sabe
san
sayo
sand
the
st
sth
wishe
stha
stha
anthan
sthan
stang
sthes
sth
sthe
sth
sthe
sthi
anto
win
wind
thind
sthe
stha
isthe
isthe
sthe
sthed
this
sth
sthe
sthe
anthe
sth
stha
wigh
sthes
thighe
wighe
stof
stof
sth
sthed
thil
sth
sthe
sth
sth
sthe
se
ngond
seved
nga
angan
thean
theand
ngand
ngand
angof
ngof
ngand
ses
ngand
ngit
she
she
shed
shed
then
she
theng
send
sende
shend
sheng
anghe
ses
sesh
sesa
seyof
sesand
sesand
seng
send
sess
ngou
ngour
ngit
sed
nghe
angak
sero
se
the
sthin
sthe
serid
serind
theand
seand
anthe
thea
send
serd
sed
thed
sers
thell
sero
seshe
seyond
tho
yo
byo
yok
yod
yorde
yode
thede
theded
thof
yof
sha
byond
thon
yon
yoth
yond
yond
yond
thore
shen
welo
you
your
shith
yono
thono
yoner
yo
byo
yoke
byorend
yong
yori
byov
yod
yof
yore
yon
byon
yond
yof
yon
yons
yond
yous
yout
byout
youre
byour
yonere
your
youre
yond
yored
se
the
jupt
jupe
jur
jure
jut
juto
thered
jured
thecon
juthe
jur
jure
jupe
jupe
thevel
sevel
seve
severi
seave
sed
sede
sede
therd
jurin
juro
thero
juron
sea
jull
seave
jusa
jus
thes
juse
jughe
juses
juse
jugs
sed
thed
juch
jure
jung
ther
jusof
juse
jusof
sea
sed
theve
jurd
jurod
sthe
thake
sake
wind
wise
wis
shed
wila
wive
thand
byo
yop
yof
yofe
yor
byor
yore
anof
yof
byof
yore
byore
yofo
yofo
yomy
you
sth
wis
this
wanthe
sthe
sthe
thik
wik
thik
wiki
wikin
shathed
wike
thike
thike
wiout
thike
wike
with
thithe
wiqup
wiso
wise
wised
wisende
wise
wisea
with
thithe
withe
thing
winga
winghe
yofo
wighe
wima
thind
sheve
wiche
wive
yord
thiond
thiored
you
youpe
youled
wiofo
yofond
shithe
wilon
thith
thin
win
thin
thin
anind
wino
thinowh
winowh
athind
wind
wind
thind
winde
thinon
winon
wise
winof
wind
winde
wins
the
ss
ssth
theck
ssan
ssou
ssa
sshe
send
ssth
ssthe
ssth
anse
thed
she
thed
thed
shed
seve
sell
sson
shel
sshe
yofo
yored
juth
juth
you
yore
wi
thi
shathe
sabu
sake
wit
thit
wico
wice
wice
thaind
wiso
athist
with
thime
sher
she
thilo
winges
thind
shit
thait
shice
wisand
with
wind
stho
sthe
nd
inde
she
she
ser
sea
seve
shes
weves
yove
o
the
or
tor
ofo
ore
ofo
tofo
ofong
lind
oth
the
thes
the
or
oroki
on
buth
ong
onghe
ond
oma
our
our
of
ong
tha
a
have
alon
abu
hand
abe
iss
har
awis
ishan
han
tha
ak
wik
akin
aki
akit
akin
akin
ake
ake
akes
ake
than
than
ake
than
at
wit
athe
acki
cathe
athe
withe
ather
aca
acan
thith
aco
ace
thind
aind
aind
with
ath
aind
atha
ather
aco
ath
an
and
anthe
anche
are
thea
ari
arit
and
ande
aved
avin
ave
avea
aver
ave
have
than
ave
wive
aved
thouse
avese
thang
aves
aved
aves
id
idean
iqu
is
ist
tham
ang
wise
ange
thame
ange
ises
ise
han
an
with
athe
anave
anato
atofo
atha
tithed
cathe
athe
athes
cathes
athes
cathed
athed
atod
anan
aind
anth
aner
andeang
anerd
atuth
aind
atha
ato
cath
tith
ath
thith
with
athan
athe
withe
thithe
cathe
tithe
athe
withe
thean
athe
withe
ating
he
heri
amant
heve
hever
ama
ame
thed
thed
ame
wime
amen
thees
ames
wimes
amed
thend
thende
thende
isthe
wisthe
ther
igo
ame
amer
hend
hend
hes
thed
ighe
the
the
he
the
hean
athe
herd
here
theand
heathed
heand
and
anth
ang
and
ande
theng
ther
ayon
ayong
ayof
thes
hes
thend
ant
and
athe
aved
alo
aland
wiling
cave
ave
aves
aveng
ali
ave
alo
thouthe
alothe
alle
alo
ho
hore
hore
hoth
thor
hond
thon
hon
thon
thong
hong
thong
hour
hon
win
the
an
the
oupe
ant
here
heres
hend
heve
and
and
ande
thes
ang
ango
angi
theme
ange
themes
anges
winges
angs
and
ando
anes
hend
hes
thende
hende
ali
hean
and
thent
andi
ande
hou
ais
win
an
win
win
isand
ano
and
wind
ang
anges
anon
ised
isus
and
anth
ar
thi
ai
thi
ait
thit
ain
this
ais
this
ailo
thin
ain
aing
ain
athe
the
an
ant
cayou
ant
and
wined
wang
the
wathed
thes
tho
thind
thin
the
this
thit
thice
wind
wi
tond
wang
this
the
th
the
thin
wamin
wano
th
thit
wit
win
withen
th
thang
ththe
this
thean
we
weli
byol
thof
this
ton
bup
bupl
bus
bur
wive
wise
wi
thang
wixckit
wing
withe
wime
win
wind
thall
thive
and
andire
thero
byof
thin
withe
thes
th
tho
tholind
the
thof
thiome
thin
th
an
win
th
t
th
th
thin
thang
ther
athan
thalo
thalo
than
than
than
thang
tha
than
hal
thes
thali
ther
thal
hall
hallde
hanco
hange
thell
hashe
th
thi
thin
thine
thil
thin
thant
ther
thithe
thano
ther
thed
thered
thour
thaves
thour
than
the
thang
this
thofre
thele
theand
athe
than
the
thand
thand
thed
there
thou
the
thout
ther
thes
thed
then
ther
thous
thes
thend
theshe
thi
thin
there
thev
wi
this
tha
wiki
thande
thande
thou
thand
win
wind
wiver
wis
ancan
wind
thit
wit
thith
withe
with
withe
wind
thind
winde
thith
with
the
thed
thimy
thes
the
thean
thind
thed
thok
thof
ther
thengh
thind
thes
these
wise
thou
thit
thin
whin
thi
the
the
he
thof
ther
her
yoke
yoke
theand
yoked
thean
hean
heand
her
hecki
theco
with
ther
her
herit
here
hers
thed
whed
thed
hed
thes
hes
heng
thend
hend
thith
thith
yof
thofo
yofo
thed
thed
bre
hend
heng
you
thous
yous
yougs
hes
hend
hea
heava
hed
here
theds
heds
thome
your
whake
thou
thi
than
hand
thofo
then
your
yourd
theis
hand
the
hake
thang
hand
you
yof
hane
th
thin
theco
hand
that
thad
thala
thes
theng
tho
th
yofo
thor
the
yond
thea
thond
there
thered
thome
thed
the
thed
there
yove
the
youse
then
thea
thit
tholind
thofo
thore
ayowh
hant
hato
yofo
whave
athous
wathous
your
hall
thall
hazza
hand
you
thin
thacond
thado
the
thited
hand
than
the
thathe
thean
ther
there
thered
thend
thed
thald
the
ther
thande
thi
han
ththa
htha
with
whin
thin
win
wind
hthe
hthe
wis
ththe
wis
win
wiof
hthe
win
win
wind
the
ang
the
wing
the
he
than
nghe
ther
heve
thea
thea
tha
angan
thean
wangan
than
thand
thand
her
than
thand
thes
than
heth
theth
this
thes
ange
thes
the
themy
thed
the
thend
thed
thed
thend
the
thell
theng
heng
hend
this
thell
hera
thore
thi
hero
the
thes
hes
heyou
heng
heyou
hed
hev
heve
theab
the
and
the
he
byoupe
heare
there
there
here
here
hers
hen
helo
heved
her
here
hel
thela
heri
thero
thes
hes
here
heand
thed
thed
hed
th
thok
tha
thacki
thasth
thoke
yoke
thoke
thou
than
ayore
the
thede
anched
yof
thof
tha
tham
than
the
yond
thind
ther
thours
there
the
thon
thof
tho
thofo
thou
you
thea
thour
your
youlo
thi
ayon
thon
the
ayono
thono
ther
the
thore
yore
yong
thof
thof
yof
thored
thon
yon
thoure
thof
yof
thofo
ayond
yond
thou
you
youp
thout
yout
your
thour
yore
yof
yofof
thor
the
he
bus
buphe
abupl
wabupl
heand
buthe
ther
her
where
here
here
thered
thers
hers
heri
theve
theve
heve
heve
hero
thea
thea
athea
thea
hea
herd
there
here
bus
whean
hean
thes
bus
bughe
theman
thest
bust
busth
heme
heme
bul
bula
bull
bull
ther
ther
her
her
thes
bus
heyof
theyof
heyof
hea
hean
hed
theds
buth
thak
hak
wit
han
win
wive
wis
thime
thime
athele
thighe
thighes
theles
thimy
thes
wila
will
wive
the
wised
win
wined
yo
thop
thop
thop
thop
thof
yop
yop
yof
thowhe
yome
yofre
yowh
yor
yoth
thor
yor
thove
yove
yodi
ayof
thyof
thof
thof
yof
yore
yore
thofo
yond
yof
yofond
yoma
thof
yof
you
yous
yous
wi
this
wis
thist
thibe
yowi
thave
thand
wit
with
thicki
ther
wile
thist
wist
wise
wit
withe
thithend
thing
wing
wigh
wigha
wima
thin
thin
thin
the
thind
tho
thon
thon
thiored
thin
you
thean
wind
wind
thop
yofa
thilo
thin
win
wishe
wise
winowh
winowhe
wind
wishe
wind
winon
th
thano
here
heck
thof
thes
tha
this
the
then
thes
thed
thed
the
thep
thes
there
thed
thende
thees
thes
the
there
thede
thea
thes
ther
thelle
thell
thes
this
this
the
theat
hed
buca
yout
bul
thove
yove
yound
than
than
than
thas
hake
thou
thit
thit
thit
thi
thithis
wice
thice
thin
with
thea
wiso
with
athe
thes
thes
thed
wive
wilo
tho
thing
thind
thait
thit
thice
ha
thache
thalled
th
the
thinde
her
the
yofo
wi
a
ivit
thit
vit
vithe
vithe
vind
vinde
ving
an
than
ave
as
ive
ththe
athe
athe
vend
ve
athe
thes
thend
ron
the
ve
ang
and
an
ang
ange
ane
a
fa
bra
ofo
ath
ace
kind
kind
fous
an
can
ath
ant
ang
angs
of
ome
bro
ou
tou
tou
and
out
and
out
or
ore
